<?xml version="1.0" encoding="UTF-8"?>
<!-- Generated by org.testng.reporters.JUnitReportReporter -->
<testsuite hostname="DESKTOP-328JAC6" failures="0" tests="3" name="runners.RunnerTest" time="9.613" errors="0" timestamp="2022-05-18T20:59:47 CLT" skipped="0">
  <testcase classname="runners.RunnerTest" name="runScenario" time="3.299"/>
  <system-out/>
  <testcase classname="runners.RunnerTest" name="runScenario" time="2.053"/>
  <system-out/>
  <testcase classname="runners.RunnerTest" name="runScenario" time="4.261"/>
  <system-out/>
</testsuite> <!-- runners.RunnerTest -->
